nohup: ignoring input
GPU: True
Data set: LandUse-21
MissRate: [0.1, 0.3, 0.5, 0.7]
shuffle
[ 1  1  1 ... 21 21 21]
[ 5  8 12 ... 15 20 13]
--------------------Missing rate = 0.1--------------------
Epoch 1 Loss:0.005118
Epoch 2 Loss:0.004523
Epoch 3 Loss:0.004457
Epoch 4 Loss:0.004403
Epoch 5 Loss:0.004395
Epoch 6 Loss:0.004352
Epoch 7 Loss:0.004371
Epoch 8 Loss:0.004328
Epoch 9 Loss:0.004302
Epoch 10 Loss:0.004308
Epoch 11 Loss:0.004309
Epoch 12 Loss:0.004318
Epoch 13 Loss:0.004288
Epoch 14 Loss:0.004279
Epoch 15 Loss:0.004246
Epoch 16 Loss:0.004270
Epoch 17 Loss:0.004245
Epoch 18 Loss:0.004260
Epoch 19 Loss:0.004219
Epoch 20 Loss:0.004193
Epoch 21 Loss:0.426950
Epoch 22 Loss:0.424498
Epoch 23 Loss:0.422015
Epoch 24 Loss:0.424524
Epoch 25 Loss:0.419776
Epoch 26 Loss:0.417061
Epoch 27 Loss:0.416222
Epoch 28 Loss:0.412134
Epoch 29 Loss:0.419123
Epoch 30 Loss:0.412629
Epoch 31 Loss:0.410159
Epoch 32 Loss:0.407437
Epoch 33 Loss:0.407658
Epoch 34 Loss:0.327110
Epoch 35 Loss:0.326289
Epoch 36 Loss:0.405273
Epoch 37 Loss:0.408986
Epoch 38 Loss:0.324466
Epoch 39 Loss:0.323629
Epoch 40 Loss:0.405911
Epoch 41 Loss:0.405639
Epoch 42 Loss:0.402967
Epoch 43 Loss:0.401267
Epoch 44 Loss:0.320818
Epoch 45 Loss:0.403429
Epoch 46 Loss:0.319609
Epoch 47 Loss:0.319268
Epoch 48 Loss:0.400169
Epoch 49 Loss:0.396054
Epoch 50 Loss:0.396325
Epoch 51 Loss:0.398424
Epoch 52 Loss:0.316723
Epoch 53 Loss:0.315698
Epoch 54 Loss:0.315423
Epoch 55 Loss:0.315210
Epoch 56 Loss:0.314396
Epoch 57 Loss:0.314165
Epoch 58 Loss:0.393877
Epoch 59 Loss:0.312865
Epoch 60 Loss:0.393971
Epoch 61 Loss:0.312532
Epoch 62 Loss:0.389012
Epoch 63 Loss:0.389038
Epoch 64 Loss:0.390656
Epoch 65 Loss:0.310260
Epoch 66 Loss:0.388883
Epoch 67 Loss:0.309255
Epoch 68 Loss:0.308874
Epoch 69 Loss:0.308758
Epoch 70 Loss:0.386718
Epoch 71 Loss:0.307542
Epoch 72 Loss:0.307162
Epoch 73 Loss:0.306759
Epoch 74 Loss:0.306007
Epoch 75 Loss:0.380673
Epoch 76 Loss:0.305911
Epoch 77 Loss:0.382362
Epoch 78 Loss:0.380306
Epoch 79 Loss:0.381028
Epoch 80 Loss:0.380818
Epoch 81 Loss:0.380255
Epoch 82 Loss:0.378154
Epoch 83 Loss:0.376086
Epoch 84 Loss:0.380389
Epoch 85 Loss:0.301492
Epoch 86 Loss:0.377710
Epoch 87 Loss:0.374324
Epoch 88 Loss:0.375263
Epoch 89 Loss:0.374830
Epoch 90 Loss:0.372811
Epoch 91 Loss:0.374736
Epoch 92 Loss:0.371727
Epoch 93 Loss:0.297100
Epoch 94 Loss:0.374985
Epoch 95 Loss:0.370245
Epoch 96 Loss:0.370256
Epoch 97 Loss:0.368772
Epoch 98 Loss:0.295487
Epoch 99 Loss:0.294788
Epoch 100 Loss:0.367877
Epoch 101 Loss:0.367259
Epoch 102 Loss:0.366624
Epoch 103 Loss:0.293428
Epoch 104 Loss:0.292595
Epoch 105 Loss:0.365354
Epoch 106 Loss:0.364968
Epoch 107 Loss:0.364690
Epoch 108 Loss:0.363383
Epoch 109 Loss:0.290648
Epoch 110 Loss:0.364721
Epoch 111 Loss:0.290237
Epoch 112 Loss:0.361047
Epoch 113 Loss:0.361682
Epoch 114 Loss:0.359552
Epoch 115 Loss:0.288014
Epoch 116 Loss:0.357628
Epoch 117 Loss:0.362570
Epoch 118 Loss:0.359147
Epoch 119 Loss:0.286314
Epoch 120 Loss:0.357803
---------------------------Result of LandUse-21----------------------------
------------------------- MissRate = 0.10--------------------
K-meansClustering: ACC = 0.3033 NMI = 0.3495 ARI = 0.1427
Clustering: ACC = 0.2371 NMI = 0.2639 ARI = 0.1041 PUR = 0.2486
------------------------Training over------------------------
--------------------Missing rate = 0.3--------------------
Epoch 1 Loss:0.005122
Epoch 2 Loss:0.004540
Epoch 3 Loss:0.004450
Epoch 4 Loss:0.004393
Epoch 5 Loss:0.004391
Epoch 6 Loss:0.004343
Epoch 7 Loss:0.004372
Epoch 8 Loss:0.004328
Epoch 9 Loss:0.004299
Epoch 10 Loss:0.004308
Epoch 11 Loss:0.004312
Epoch 12 Loss:0.004326
Epoch 13 Loss:0.004293
Epoch 14 Loss:0.004278
Epoch 15 Loss:0.004243
Epoch 16 Loss:0.004272
Epoch 17 Loss:0.004241
Epoch 18 Loss:0.004271
Epoch 19 Loss:0.004233
Epoch 20 Loss:0.004207
Epoch 21 Loss:0.428103
Epoch 22 Loss:0.424587
Epoch 23 Loss:0.422138
Epoch 24 Loss:0.424770
Epoch 25 Loss:0.419667
Epoch 26 Loss:0.417284
Epoch 27 Loss:0.416584
Epoch 28 Loss:0.412896
Epoch 29 Loss:0.418044
Epoch 30 Loss:0.413024
Epoch 31 Loss:0.409811
Epoch 32 Loss:0.408613
Epoch 33 Loss:0.406617
Epoch 34 Loss:0.408331
Epoch 35 Loss:0.410202
Epoch 36 Loss:0.407649
Epoch 37 Loss:0.407561
Epoch 38 Loss:0.404711
Epoch 39 Loss:0.404424
Epoch 40 Loss:0.407735
Epoch 41 Loss:0.399017
Epoch 42 Loss:0.402594
Epoch 43 Loss:0.403167
Epoch 44 Loss:0.400309
Epoch 45 Loss:0.400487
Epoch 46 Loss:0.319103
Epoch 47 Loss:0.398039
Epoch 48 Loss:0.400343
Epoch 49 Loss:0.401963
Epoch 50 Loss:0.400577
Epoch 51 Loss:0.395515
Epoch 52 Loss:0.396172
Epoch 53 Loss:0.396750
Epoch 54 Loss:0.394269
Epoch 55 Loss:0.392316
Epoch 56 Loss:0.393893
Epoch 57 Loss:0.395909
Epoch 58 Loss:0.391761
Epoch 59 Loss:0.394695
Epoch 60 Loss:0.390101
Epoch 61 Loss:0.387390
Epoch 62 Loss:0.386067
Epoch 63 Loss:0.389951
Epoch 64 Loss:0.388819
Epoch 65 Loss:0.385161
Epoch 66 Loss:0.388597
Epoch 67 Loss:0.387212
Epoch 68 Loss:0.383855
Epoch 69 Loss:0.383232
Epoch 70 Loss:0.385921
Epoch 71 Loss:0.384250
Epoch 72 Loss:0.385519
Epoch 73 Loss:0.381448
Epoch 74 Loss:0.379708
Epoch 75 Loss:0.382472
Epoch 76 Loss:0.382733
Epoch 77 Loss:0.378069
Epoch 78 Loss:0.378469
Epoch 79 Loss:0.376628
Epoch 80 Loss:0.378128
Epoch 81 Loss:0.378568
Epoch 82 Loss:0.374040
Epoch 83 Loss:0.375263
Epoch 84 Loss:0.378582
Epoch 85 Loss:0.373382
Epoch 86 Loss:0.375799
Epoch 87 Loss:0.372966
Epoch 88 Loss:0.375187
Epoch 89 Loss:0.369728
Epoch 90 Loss:0.371412
Epoch 91 Loss:0.373470
Epoch 92 Loss:0.369522
Epoch 93 Loss:0.369678
Epoch 94 Loss:0.368974
Epoch 95 Loss:0.367312
Epoch 96 Loss:0.365833
Epoch 97 Loss:0.370020
Epoch 98 Loss:0.367658
Epoch 99 Loss:0.369058
Epoch 100 Loss:0.367004
Epoch 101 Loss:0.367640
Epoch 102 Loss:0.366542
Epoch 103 Loss:0.361543
Epoch 104 Loss:0.360984
Epoch 105 Loss:0.364789
Epoch 106 Loss:0.364689
Epoch 107 Loss:0.362524
Epoch 108 Loss:0.360516
Epoch 109 Loss:0.360949
Epoch 110 Loss:0.359669
Epoch 111 Loss:0.361764
Epoch 112 Loss:0.359113
Epoch 113 Loss:0.357247
Epoch 114 Loss:0.355572
Epoch 115 Loss:0.355180
Epoch 116 Loss:0.357040
Epoch 117 Loss:0.355554
Epoch 118 Loss:0.355483
Epoch 119 Loss:0.352023
Epoch 120 Loss:0.355909
---------------------------Result of LandUse-21----------------------------
------------------------- MissRate = 0.30--------------------
K-meansClustering: ACC = 0.2952 NMI = 0.3324 ARI = 0.1241
Clustering: ACC = 0.2414 NMI = 0.2534 ARI = 0.0989 PUR = 0.2519
------------------------Training over------------------------
--------------------Missing rate = 0.5--------------------
Epoch 1 Loss:0.005110
Epoch 2 Loss:0.004513
Epoch 3 Loss:0.004466
Epoch 4 Loss:0.004400
Epoch 5 Loss:0.004396
Epoch 6 Loss:0.004353
Epoch 7 Loss:0.004356
Epoch 8 Loss:0.004320
Epoch 9 Loss:0.004295
Epoch 10 Loss:0.004297
Epoch 11 Loss:0.004296
Epoch 12 Loss:0.004307
Epoch 13 Loss:0.004297
Epoch 14 Loss:0.004268
Epoch 15 Loss:0.004257
Epoch 16 Loss:0.004263
Epoch 17 Loss:0.004253
Epoch 18 Loss:0.004263
Epoch 19 Loss:0.004203
Epoch 20 Loss:0.004197
Epoch 21 Loss:0.425913
Epoch 22 Loss:0.423443
Epoch 23 Loss:0.422438
Epoch 24 Loss:0.425443
Epoch 25 Loss:0.419832
Epoch 26 Loss:0.417300
Epoch 27 Loss:0.416685
Epoch 28 Loss:0.412239
Epoch 29 Loss:0.418748
Epoch 30 Loss:0.412651
Epoch 31 Loss:0.409627
Epoch 32 Loss:0.406617
Epoch 33 Loss:0.406606
Epoch 34 Loss:0.408034
Epoch 35 Loss:0.410101
Epoch 36 Loss:0.410357
Epoch 37 Loss:0.408301
Epoch 38 Loss:0.404724
Epoch 39 Loss:0.403518
Epoch 40 Loss:0.405997
Epoch 41 Loss:0.400563
Epoch 42 Loss:0.401628
Epoch 43 Loss:0.402582
Epoch 44 Loss:0.400084
Epoch 45 Loss:0.401956
Epoch 46 Loss:0.401548
Epoch 47 Loss:0.395753
Epoch 48 Loss:0.398045
Epoch 49 Loss:0.394934
Epoch 50 Loss:0.398531
Epoch 51 Loss:0.395751
Epoch 52 Loss:0.395133
Epoch 53 Loss:0.396403
Epoch 54 Loss:0.391470
Epoch 55 Loss:0.394719
Epoch 56 Loss:0.394692
Epoch 57 Loss:0.391058
Epoch 58 Loss:0.392630
Epoch 59 Loss:0.390957
Epoch 60 Loss:0.392496
Epoch 61 Loss:0.388085
Epoch 62 Loss:0.387068
Epoch 63 Loss:0.385744
Epoch 64 Loss:0.383616
Epoch 65 Loss:0.388075
Epoch 66 Loss:0.386834
Epoch 67 Loss:0.386726
Epoch 68 Loss:0.383111
Epoch 69 Loss:0.382796
Epoch 70 Loss:0.385157
Epoch 71 Loss:0.382880
Epoch 72 Loss:0.382408
Epoch 73 Loss:0.379925
Epoch 74 Loss:0.378242
Epoch 75 Loss:0.381950
Epoch 76 Loss:0.381977
Epoch 77 Loss:0.378364
Epoch 78 Loss:0.378344
Epoch 79 Loss:0.376506
Epoch 80 Loss:0.376730
Epoch 81 Loss:0.377760
Epoch 82 Loss:0.373275
Epoch 83 Loss:0.375810
Epoch 84 Loss:0.378241
Epoch 85 Loss:0.372781
Epoch 86 Loss:0.375364
Epoch 87 Loss:0.373317
Epoch 88 Loss:0.374177
Epoch 89 Loss:0.367970
Epoch 90 Loss:0.370094
Epoch 91 Loss:0.372162
Epoch 92 Loss:0.370697
Epoch 93 Loss:0.369135
Epoch 94 Loss:0.369336
Epoch 95 Loss:0.366703
Epoch 96 Loss:0.366429
Epoch 97 Loss:0.369732
Epoch 98 Loss:0.367502
Epoch 99 Loss:0.367652
Epoch 100 Loss:0.365959
Epoch 101 Loss:0.366026
Epoch 102 Loss:0.365950
Epoch 103 Loss:0.360887
Epoch 104 Loss:0.363007
Epoch 105 Loss:0.363394
Epoch 106 Loss:0.361649
Epoch 107 Loss:0.359925
Epoch 108 Loss:0.361368
Epoch 109 Loss:0.359773
Epoch 110 Loss:0.359443
Epoch 111 Loss:0.360556
Epoch 112 Loss:0.357890
Epoch 113 Loss:0.357250
Epoch 114 Loss:0.356057
Epoch 115 Loss:0.352693
Epoch 116 Loss:0.355150
Epoch 117 Loss:0.354062
Epoch 118 Loss:0.353937
Epoch 119 Loss:0.352548
Epoch 120 Loss:0.354550
---------------------------Result of LandUse-21----------------------------
------------------------- MissRate = 0.50--------------------
K-meansClustering: ACC = 0.2805 NMI = 0.3259 ARI = 0.1231
Clustering: ACC = 0.2329 NMI = 0.2572 ARI = 0.1048 PUR = 0.2462
------------------------Training over------------------------
--------------------Missing rate = 0.7--------------------
Epoch 1 Loss:0.005124
Epoch 2 Loss:0.004552
Epoch 3 Loss:0.004457
Epoch 4 Loss:0.004408
Epoch 5 Loss:0.004405
Epoch 6 Loss:0.004356
Epoch 7 Loss:0.004379
Epoch 8 Loss:0.004346
Epoch 9 Loss:0.004306
Epoch 10 Loss:0.004356
Epoch 11 Loss:0.004341
Epoch 12 Loss:0.004336
Epoch 13 Loss:0.004295
Epoch 14 Loss:0.004275
Epoch 15 Loss:0.004271
Epoch 16 Loss:0.004268
Epoch 17 Loss:0.004247
Epoch 18 Loss:0.004278
Epoch 19 Loss:0.004231
Epoch 20 Loss:0.004206
Epoch 21 Loss:0.427630
Epoch 22 Loss:0.426320
Epoch 23 Loss:0.423384
Epoch 24 Loss:0.425713
Epoch 25 Loss:0.421094
Epoch 26 Loss:0.417278
Epoch 27 Loss:0.418396
Epoch 28 Loss:0.415777
Epoch 29 Loss:0.418958
Epoch 30 Loss:0.413716
Epoch 31 Loss:0.411847
Epoch 32 Loss:0.409877
Epoch 33 Loss:0.408388
Epoch 34 Loss:0.409126
Epoch 35 Loss:0.409911
Epoch 36 Loss:0.407882
Epoch 37 Loss:0.406751
Epoch 38 Loss:0.404934
Epoch 39 Loss:0.404641
Epoch 40 Loss:0.408897
Epoch 41 Loss:0.398788
Epoch 42 Loss:0.402659
Epoch 43 Loss:0.403269
Epoch 44 Loss:0.401743
Epoch 45 Loss:0.401990
Epoch 46 Loss:0.402905
Epoch 47 Loss:0.397858
Epoch 48 Loss:0.398824
Epoch 49 Loss:0.397793
Epoch 50 Loss:0.398503
Epoch 51 Loss:0.395913
Epoch 52 Loss:0.397748
Epoch 53 Loss:0.396225
Epoch 54 Loss:0.395329
Epoch 55 Loss:0.394318
Epoch 56 Loss:0.395918
Epoch 57 Loss:0.393803
Epoch 58 Loss:0.392220
Epoch 59 Loss:0.394530
Epoch 60 Loss:0.393568
Epoch 61 Loss:0.388861
Epoch 62 Loss:0.387293
Epoch 63 Loss:0.386182
Epoch 64 Loss:0.386340
Epoch 65 Loss:0.390738
Epoch 66 Loss:0.389342
Epoch 67 Loss:0.388503
Epoch 68 Loss:0.386089
Epoch 69 Loss:0.384750
Epoch 70 Loss:0.386289
Epoch 71 Loss:0.383208
Epoch 72 Loss:0.384828
Epoch 73 Loss:0.382163
Epoch 74 Loss:0.380714
Epoch 75 Loss:0.383055
Epoch 76 Loss:0.382649
Epoch 77 Loss:0.378682
Epoch 78 Loss:0.378731
Epoch 79 Loss:0.377592
Epoch 80 Loss:0.378853
Epoch 81 Loss:0.377532
Epoch 82 Loss:0.374565
Epoch 83 Loss:0.377630
Epoch 84 Loss:0.379515
Epoch 85 Loss:0.373794
Epoch 86 Loss:0.375077
Epoch 87 Loss:0.373770
Epoch 88 Loss:0.375941
Epoch 89 Loss:0.371313
Epoch 90 Loss:0.371328
Epoch 91 Loss:0.374234
Epoch 92 Loss:0.370676
Epoch 93 Loss:0.371054
Epoch 94 Loss:0.369868
Epoch 95 Loss:0.367779
Epoch 96 Loss:0.368546
Epoch 97 Loss:0.370582
Epoch 98 Loss:0.368235
Epoch 99 Loss:0.370947
Epoch 100 Loss:0.367846
Epoch 101 Loss:0.368298
Epoch 102 Loss:0.368378
Epoch 103 Loss:0.361060
Epoch 104 Loss:0.359629
Epoch 105 Loss:0.364101
Epoch 106 Loss:0.364884
Epoch 107 Loss:0.362469
Epoch 108 Loss:0.361317
Epoch 109 Loss:0.361007
Epoch 110 Loss:0.360946
Epoch 111 Loss:0.362974
Epoch 112 Loss:0.358915
Epoch 113 Loss:0.359497
Epoch 114 Loss:0.357273
Epoch 115 Loss:0.355853
Epoch 116 Loss:0.357352
Epoch 117 Loss:0.356069
Epoch 118 Loss:0.356157
Epoch 119 Loss:0.353225
Epoch 120 Loss:0.356198
---------------------------Result of LandUse-21----------------------------
------------------------- MissRate = 0.70--------------------
K-meansClustering: ACC = 0.2829 NMI = 0.3113 ARI = 0.1202
Clustering: ACC = 0.2233 NMI = 0.2327 ARI = 0.0896 PUR = 0.2343
------------------------Training over------------------------
